<?xml version="1.0" encoding="UTF-8"?>
<!-- Generated by org.testng.reporters.JUnitReportReporter -->
<testsuite hostname="DESKTOP-64V490S" failures="0" tests="4" name="api.tests.UserTest" time="10.244" errors="0" timestamp="2023-05-31T18:12:22 IST" skipped="0">
  <testcase classname="api.tests.UserTest" name="testPost" time="4.388"/>
  <system-out>
    <![CDATA[*************creating a user***********
************* user is created***********]]>
  </system-out>
  <testcase classname="api.tests.UserTest" name="testGetUserByName" time="1.493"/>
  <system-out>
    <![CDATA[*************Retrivening the user by name***********
*************user Retrived***********]]>
  </system-out>
  <testcase classname="api.tests.UserTest" name="testUpdateUserByUsername" time="2.842"/>
  <system-out>
    <![CDATA[*************Updating the user***********
*************User is Updated***********]]>
  </system-out>
  <testcase classname="api.tests.UserTest" name="testDeleteUserByName" time="1.521"/>
  <system-out>
    <![CDATA[*************Deleting a user***********
*************User is Deleted ***********]]>
  </system-out>
</testsuite> <!-- api.tests.UserTest -->
